[debug] ----------------------------------------------------------------------
[debug] Command:      /Users/nbrown1/.nvm/versions/node/v6.2.2/bin/node /Users/nbrown1/.nvm/versions/node/v6.2.2/bin/firebase deploy
[debug] CLI Version:  3.0.7
[debug] Platform:     darwin
[debug] Node Version: v6.2.2
[debug] Time:         Mon Oct 31 2016 02:46:07 GMT-0400 (EDT)
[debug] ----------------------------------------------------------------------
[debug] 
[debug] > command requires scopes: ["email","openid","https://www.googleapis.com/auth/cloudplatformprojects.readonly","https://www.googleapis.com/auth/firebase"]
[debug] >>> HTTP REQUEST GET https://admin.firebase.com/v1/projects/mind-sized-bites 
[debug] <<< HTTP RESPONSE 200
[debug] >>> HTTP REQUEST GET https://admin.firebase.com/v1/database/mind-sized-bites/tokens 
[debug] <<< HTTP RESPONSE 200
[info] 
[info] === Deploying to 'mind-sized-bites'...
[info] 
[info] i  deploying hosting
[info] ✔  database: rules ready to deploy.
[info] i  hosting: preparing ./ directory for upload...
[debug] >>> HTTP REQUEST PUT https://deploy.firebase.com/v1/hosting/mind-sized-bites/uploads/-KVOUEFzcnaI8pQ3YzJV?fileCount=1560&message= 
